<?xml version="1.0" encoding="UTF-8"?>
<testng-results total="2" passed="2" failed="0" skipped="0">
  <reporter-output>
    <line>
      <![CDATA[Application Opened]]>
    </line>
    <line>
      <![CDATA[Application Opened]]>
    </line>
  </reporter-output>
  <suite started-at="2023-04-18T07:13:55Z" name="Suite1" finished-at="2023-04-18T07:14:15Z" duration-ms="20049">
    <groups>
    </groups>
    <test started-at="2023-04-18T07:13:55Z" name="package testngpakage;" finished-at="2023-04-18T07:14:15Z" duration-ms="20049">
      <class name="com.hrms.testscript1.TC_003">
        <test-method signature="tc_003()[pri:0, instance:com.hrms.testscript1.TC_003@5cdec700]" started-at="2023-04-18T12:43:55Z" name="tc_003" finished-at="2023-04-18T12:44:04Z" duration-ms="8517" status="PASS">
          <reporter-output>
            <line>
              <![CDATA[Application Opened]]>
            </line>
          </reporter-output>
        </test-method> <!-- tc_003 -->
      </class> <!-- com.hrms.testscript1.TC_003 -->
      <class name="com.hrms.testscript1.TC_004">
        <test-method signature="tc_004()[pri:0, instance:com.hrms.testscript1.TC_004@55cf0d14]" started-at="2023-04-18T12:44:04Z" name="tc_004" finished-at="2023-04-18T12:44:15Z" duration-ms="11509" status="PASS">
          <reporter-output>
            <line>
              <![CDATA[Application Opened]]>
            </line>
          </reporter-output>
        </test-method> <!-- tc_004 -->
      </class> <!-- com.hrms.testscript1.TC_004 -->
    </test> <!-- package testngpakage; -->
  </suite> <!-- Suite1 -->
</testng-results>
